<?xml version="1.0" encoding="UTF-8"?>
<!-- Generated by org.testng.reporters.JUnitReportReporter -->
<testsuite hostname="Dell" failures="0" tests="1" name="runner.TestRunner" time="12.739" errors="0" timestamp="2024-12-31T00:10:47 IST" skipped="0">
  <testcase classname="runner.TestRunner" name="runScenario" time="12.739"/>
  <system-out/>
</testsuite> <!-- runner.TestRunner -->
